<?xml version="1.0" encoding="UTF-8"?>
<!-- Generated by org.testng.reporters.JUnitXMLReporter -->
<testsuite ignored="0" hostname="DESKTOP-FOKO1P1" failures="0" tests="14" name="Test" time="703.874" errors="0" timestamp="2024-11-12T17:15:05 BDT">
  <testcase classname="qa.testcases.SignupTest" name="verifyRegisteringAccountWithALlField" time="32.56"/>
  <testcase classname="qa.testcases.SignupTest" name="verifyRegisteringAccountWithoutFillingAnyDetails" time="13.457"/>
  <testcase classname="qa.testcases.SignupTest" name="verifyRegisteringAccountWithALlFieldForStudent" time="39.943"/>
  <testcase classname="qa.testcases.SignupTest" name="verifyRegisteringAccountWithALlFieldForEmploy" time="39.469"/>
  <testcase classname="qa.testcases.SignupTest" name="verifyRegisteringAccountWithoutTryDifferentPassword" time="32.51"/>
  <testcase classname="qa.testcases.LoginTest" name="LoginWithValidCredentials" time="9.401"/>
  <testcase classname="qa.testcases.LoginTest" name="LoginWithInvalidCredentials" time="9.408"/>
  <testcase classname="qa.testcases.LoginTest" name="LoginWithInvalidEmial" time="9.386"/>
  <testcase classname="qa.testcases.LoginTest" name="verifyLoginAccountWithEmptyField" time="6.197"/>
  <testcase classname="qa.testcases.HomePageTest" name="TrendingPostViewTest" time="9.23"/>
  <testcase classname="qa.testcases.HomePageTest" name="PopularPostViewTest" time="9.255"/>
  <testcase classname="qa.testcases.HomePageTest" name="ExplorePostViewTest" time="9.311"/>
  <testcase classname="qa.testcases.HomePageTest" name="trendingDiscussionPostViewTest" time="9.247"/>
  <testcase classname="qa.testcases.CreatePostTest" name="BlogPostTest" time="107.633"/>
</testsuite> <!-- Test -->
